<?xml version="1.0" encoding="UTF-8"?>
<!-- Generated by org.testng.reporters.JUnitXMLReporter -->
<testsuite hostname="DESKTOP-VNPRI8J" ignored="0" name="Default test" tests="4" failures="0" timestamp="07 Apr 2019 14:32:57 GMT" time="133.892" errors="0">
  <testcase name="agentnametest" time="0.108" classname="com.assignment.qa.testcases.FifthPropertyPageTest"/>
  <testcase name="phonnotest" time="0.089" classname="com.assignment.qa.testcases.FifthPropertyPageTest"/>
  <testcase name="logotest" time="0.05" classname="com.assignment.qa.testcases.FifthPropertyPageTest"/>
  <testcase name="comparetest" time="5.29" classname="com.assignment.qa.testcases.FifthPropertyPageTest"/>
</testsuite> <!-- Default test -->
