<?xml version="1.0" encoding="UTF-8"?>
<!-- Generated by org.testng.reporters.JUnitXMLReporter -->
<testsuite hostname="DESKTOP-VNPRI8J" ignored="0" name="Assignment Test Cases" tests="6" failures="0" timestamp="07 Apr 2019 14:48:24 GMT" time="227.28" errors="0">
  <testcase name="pagetitletest" time="7.912" classname="com.assignment.qa.testcases.HomePageTest"/>
  <testcase name="titletest" time="12.486" classname="com.assignment.qa.testcases.SearchResultPageTest"/>
  <testcase name="agentnametest" time="0.097" classname="com.assignment.qa.testcases.FifthPropertyPageTest"/>
  <testcase name="phonnotest" time="0.068" classname="com.assignment.qa.testcases.FifthPropertyPageTest"/>
  <testcase name="logotest" time="0.084" classname="com.assignment.qa.testcases.FifthPropertyPageTest"/>
  <testcase name="compareagentvaluetest" time="5.159" classname="com.assignment.qa.testcases.FifthPropertyPageTest"/>
</testsuite> <!-- Assignment Test Cases -->
